{
  "RSpec": {
    "coverage": {
      "/Users/trevorfahey/Mod2_2/Projects/LaughTracks/spec/features/user_can_create_and_add_comedian_spec.rb": [
        null,
        1,
        1,
        null,
        1,
        1,
        1,
        1,
        1,
        null,
        1,
        null,
        1,
        1,
        1,
        1,
        null,
        null
      ],
      "/Users/trevorfahey/Mod2_2/Projects/LaughTracks/spec/features/user_can_search_age_criteria_spec.rb": [
        null,
        1,
        1,
        null,
        1,
        1,
        1,
        1,
        null,
        1,
        null,
        1,
        1,
        null,
        null
      ],
      "/Users/trevorfahey/Mod2_2/Projects/LaughTracks/spec/features/user_can_see_all_comedians_spec.rb": [
        1,
        1,
        1,
        1,
        null,
        1,
        null,
        1,
        1,
        1,
        1,
        1,
        1,
        1,
        null,
        null,
        null,
        null
      ],
      "/Users/trevorfahey/Mod2_2/Projects/LaughTracks/spec/features/user_can_see_all_specials_spec.rb": [
        null,
        1,
        1,
        null,
        1,
        1,
        1,
        1,
        null,
        1,
        null,
        1,
        1,
        1,
        1,
        null,
        null,
        null,
        null,
        null
      ],
      "/Users/trevorfahey/Mod2_2/Projects/LaughTracks/spec/features/user_can_see_queried_subset_stats_spec.rb": [
        null,
        1,
        1,
        1,
        1,
        1,
        1,
        null,
        1,
        1,
        1,
        1,
        1,
        null,
        1,
        null,
        2,
        2,
        2,
        null,
        1,
        1,
        1,
        1,
        null,
        null,
        null
      ],
      "/Users/trevorfahey/Mod2_2/Projects/LaughTracks/spec/features/user_can_see_statistics_spec.rb": [
        null,
        1,
        1,
        null,
        1,
        1,
        1,
        1,
        1,
        1,
        null,
        1,
        null,
        2,
        2,
        2,
        null,
        null,
        null
      ],
      "/Users/trevorfahey/Mod2_2/Projects/LaughTracks/spec/features/user_can_see_total_count_of_specials_spec.rb": [
        1,
        1,
        null,
        1,
        1,
        1,
        1,
        1,
        1,
        null,
        1,
        null,
        1,
        1,
        null,
        null
      ],
      "/Users/trevorfahey/Mod2_2/Projects/LaughTracks/spec/models/comedian_spec.rb": [
        1,
        1,
        1,
        1,
        1,
        1,
        null,
        null,
        1,
        1,
        1,
        null,
        null,
        null,
        null
      ],
      "/Users/trevorfahey/Mod2_2/Projects/LaughTracks/spec/models/special_spec.rb": [
        1,
        1,
        1,
        1,
        1,
        1,
        1,
        null,
        null,
        null,
        null
      ]
    },
    "timestamp": 1543788603
  }
}
